<?xml version="1.0" encoding="UTF-8"?>
<!-- Generated by org.testng.reporters.JUnitXMLReporter -->
<testsuite ignored="1" hostname="DESKTOP-UUR6U1P" failures="0" tests="1" name="Default test" time="72.853" errors="0" timestamp="2023-02-01T23:06:19 IST">
  <testcase classname="com.bankingprojhybridfw.HomePageTest" name="testGetCredentials" time="49.618"/>
  <testcase classname="com.bankingprojhybridfw.HomePageTest" name="getUrl" time="0.0">
    <ignored/>
  </testcase> <!-- getUrl -->
</testsuite> <!-- Default test -->
