<?xml version="1.0" encoding="UTF-8"?>
<!-- Generated by org.testng.reporters.JUnitXMLReporter -->
<testsuite ignored="0" hostname="DESKTOP-UUR6U1P" failures="0" tests="6" name="Test2" time="1.004" errors="0" timestamp="2023-02-13T18:18:56 IST">
  <testcase classname="com.bankingprojhybridfw.LoginPageTest" name="testTitle" time="0.0">
    <skipped/>
  </testcase> <!-- testTitle -->
  <testcase classname="com.bankingprojhybridfw.LoginPageTest" name="testBlankCrediantials" time="0.0">
    <skipped/>
  </testcase> <!-- testBlankCrediantials -->
  <testcase classname="com.bankingprojhybridfw.LoginPageTest" name="testUrl" time="0.0">
    <skipped/>
  </testcase> <!-- testUrl -->
  <testcase classname="com.bankingprojhybridfw.LoginPageTest" name="testResetButton" time="0.001">
    <skipped/>
  </testcase> <!-- testResetButton -->
  <testcase classname="com.bankingprojhybridfw.LoginPageTest" name="testResetButton" time="0.0">
    <skipped/>
  </testcase> <!-- testResetButton -->
  <testcase classname="com.bankingprojhybridfw.LoginPageTest" name="testLoginButton" time="0.0">
    <skipped/>
  </testcase> <!-- testLoginButton -->
</testsuite> <!-- Test2 -->
