<?xml version="1.0" encoding="UTF-8"?>
<!-- Generated by org.testng.reporters.JUnitXMLReporter -->
<testsuite ignored="0" hostname="DESKTOP-UUR6U1P" failures="0" tests="6" name="Test" time="2.897" errors="0" timestamp="2023-02-13T18:49:08 IST">
  <testcase classname="com.bankingprojhybridfw.LoginPageTest" name="@BeforeMethod setUp" time="-1.676294346005E9">
    <failure type="org.testng.TestNGException" message="
Can inject only one of &amp;lt;ITestContext, XmlTest, Method, Object[], ITestResult&amp;gt; into a @BeforeMethod annotated setUp.
For more information on native dependency injection please refer to https://testng.org/doc/documentation-main.html#native-dependency-injection">
      <![CDATA[org.testng.TestNGException: 
Can inject only one of <ITestContext, XmlTest, Method, Object[], ITestResult> into a @BeforeMethod annotated setUp.
For more information on native dependency injection please refer to https://testng.org/doc/documentation-main.html#native-dependency-injection
at java.base/java.util.ArrayList.forEach(ArrayList.java:1511)
... Removed 28 stack frames]]>
    </failure>
  </testcase> <!-- @BeforeMethod setUp -->
  <testcase classname="com.bankingprojhybridfw.LoginPageTest" name="@BeforeMethod setUp" time="0.0">
    <skipped/>
  </testcase> <!-- @BeforeMethod setUp -->
  <testcase classname="com.bankingprojhybridfw.LoginPageTest" name="@BeforeMethod setUp" time="0.0">
    <skipped/>
  </testcase> <!-- @BeforeMethod setUp -->
  <testcase classname="com.bankingprojhybridfw.LoginPageTest" name="@BeforeMethod setUp" time="0.0">
    <skipped/>
  </testcase> <!-- @BeforeMethod setUp -->
  <testcase classname="com.bankingprojhybridfw.LoginPageTest" name="@BeforeMethod setUp" time="0.0">
    <skipped/>
  </testcase> <!-- @BeforeMethod setUp -->
  <testcase classname="com.bankingprojhybridfw.LoginPageTest" name="@BeforeMethod setUp" time="0.0">
    <skipped/>
  </testcase> <!-- @BeforeMethod setUp -->
  <testcase classname="com.bankingprojhybridfw.LoginPageTest" name="@AfterClass tearDown" time="0.0">
    <skipped/>
  </testcase> <!-- @AfterClass tearDown -->
  <testcase classname="com.bankingprojhybridfw.LoginPageTest" name="testTitle" time="0.002">
    <skipped/>
  </testcase> <!-- testTitle -->
  <testcase classname="com.bankingprojhybridfw.LoginPageTest" name="testBlankCrediantials" time="0.003">
    <skipped/>
  </testcase> <!-- testBlankCrediantials -->
  <testcase classname="com.bankingprojhybridfw.LoginPageTest" name="testUrl" time="0.001">
    <skipped/>
  </testcase> <!-- testUrl -->
  <testcase classname="com.bankingprojhybridfw.LoginPageTest" name="testResetButton" time="0.001">
    <skipped/>
  </testcase> <!-- testResetButton -->
  <testcase classname="com.bankingprojhybridfw.LoginPageTest" name="testResetButton" time="0.001">
    <skipped/>
  </testcase> <!-- testResetButton -->
  <testcase classname="com.bankingprojhybridfw.LoginPageTest" name="testLoginButton" time="0.009">
    <skipped/>
  </testcase> <!-- testLoginButton -->
</testsuite> <!-- Test -->
