<?xml version="1.0" encoding="UTF-8"?>
<testng-results ignored="1" total="2" passed="1" failed="0" skipped="0">
  <reporter-output>
  </reporter-output>
  <suite started-at="2023-02-01T23:05:06 IST" name="Default suite" finished-at="2023-02-01T23:06:19 IST" duration-ms="72853">
    <groups>
    </groups>
    <test started-at="2023-02-01T23:05:06 IST" name="Default test" finished-at="2023-02-01T23:06:19 IST" duration-ms="72853">
      <class name="com.bankingprojhybridfw.HomePageTest">
        <test-method is-config="true" signature="setUp()[pri:0, instance:com.bankingprojhybridfw.HomePageTest@6c1a5b54]" started-at="2023-02-01T23:05:07 IST" name="setUp" finished-at="2023-02-01T23:05:27 IST" duration-ms="20823" status="PASS">
          <reporter-output>
          </reporter-output>
        </test-method> <!-- setUp -->
        <test-method signature="testGetCredentials()[pri:0, instance:com.bankingprojhybridfw.HomePageTest@6c1a5b54]" started-at="2023-02-01T23:05:28 IST" name="testGetCredentials" finished-at="2023-02-01T23:06:17 IST" duration-ms="49618" status="PASS">
          <reporter-output>
          </reporter-output>
        </test-method> <!-- testGetCredentials -->
        <test-method is-config="true" signature="tearDown()[pri:0, instance:com.bankingprojhybridfw.HomePageTest@6c1a5b54]" started-at="2023-02-01T23:06:17 IST" name="tearDown" finished-at="2023-02-01T23:06:19 IST" duration-ms="1943" status="PASS">
          <reporter-output>
          </reporter-output>
        </test-method> <!-- tearDown -->
      </class> <!-- com.bankingprojhybridfw.HomePageTest -->
    </test> <!-- Default test -->
  </suite> <!-- Default suite -->
</testng-results>
